<?xml version="1.0" encoding="UTF-8"?>
<!-- Generated by org.testng.reporters.JUnitReportReporter -->
<testsuite hostname="DESKTOP-PHF8H38" failures="0" tests="2" name="com.master.qa.testcases.InventoryStatusPageTest" time="42.310" errors="0" timestamp="2023-11-03T12:24:29 IST" skipped="0">
  <testcase classname="com.master.qa.testcases.InventoryStatusPageTest" name="VerifyinventorystatusTitleTest" time="19.586"/>
  <testcase classname="com.master.qa.testcases.InventoryStatusPageTest" name="VerifyinventorystatuspageTest" time="22.724"/>
</testsuite> <!-- com.master.qa.testcases.InventoryStatusPageTest -->
