<?xml version="1.0" encoding="UTF-8"?>
<!-- Generated by org.testng.reporters.JUnitReportReporter -->
<testsuite hostname="DESKTOP-PHF8H38" failures="0" tests="2" name="com.master.qa.testcases.CategoriesPageTest" time="58.542" errors="0" timestamp="2023-11-03T12:24:30 IST" skipped="0">
  <testcase classname="com.master.qa.testcases.CategoriesPageTest" name="VerifycategoriespageTest" time="35.539"/>
  <testcase classname="com.master.qa.testcases.CategoriesPageTest" name="VerifycategoriespageTitleTest" time="23.003"/>
</testsuite> <!-- com.master.qa.testcases.CategoriesPageTest -->
