<?xml version="1.0" encoding="UTF-8"?>
<!-- Generated by org.testng.reporters.JUnitReportReporter -->
<testsuite hostname="DESKTOP-PHF8H38" failures="0" tests="2" name="com.master.qa.testcases.LocationPageTest" time="34.740" errors="0" timestamp="2023-11-03T12:24:30 IST" skipped="0">
  <testcase classname="com.master.qa.testcases.LocationPageTest" name="VerifylocationpageTitleTest" time="19.719"/>
  <testcase classname="com.master.qa.testcases.LocationPageTest" name="VerifylocationpageTest" time="15.021"/>
</testsuite> <!-- com.master.qa.testcases.LocationPageTest -->
