<?xml version="1.0" encoding="UTF-8"?>
<!-- Generated by org.testng.reporters.JUnitReportReporter -->
<testsuite hostname="DESKTOP-PHF8H38" failures="0" tests="3" name="com.master.qa.testcases.LOGINPAGETEST" time="31.726" errors="0" timestamp="2023-11-03T12:24:30 IST" skipped="0">
  <testcase classname="com.master.qa.testcases.LOGINPAGETEST" name="VerifyEhomeImageTest" time="7.269"/>
  <testcase classname="com.master.qa.testcases.LOGINPAGETEST" name="VerifyLoginPageTest" time="18.573"/>
  <testcase classname="com.master.qa.testcases.LOGINPAGETEST" name="VerifyEhomeTitleTest" time="5.884"/>
</testsuite> <!-- com.master.qa.testcases.LOGINPAGETEST -->
