<?xml version="1.0" encoding="UTF-8"?>
<!-- Generated by org.testng.reporters.JUnitReportReporter -->
<testsuite hostname="DESKTOP-PHF8H38" failures="0" tests="3" name="com.empire.qa.testcases.LoginPageTest" time="12.320" errors="0" timestamp="2023-10-20T09:43:06 IST" skipped="0">
  <testcase classname="com.empire.qa.testcases.LoginPageTest" name="VerifyEhomeTitleTest" time="3.288"/>
  <testcase classname="com.empire.qa.testcases.LoginPageTest" name="VerifyLoginPageTest" time="5.894"/>
  <testcase classname="com.empire.qa.testcases.LoginPageTest" name="VerifyEhomeImageTest" time="3.138"/>
</testsuite> <!-- com.empire.qa.testcases.LoginPageTest -->
