<?xml version="1.0" encoding="UTF-8"?>
<!-- Generated by org.testng.reporters.JUnitReportReporter -->
<testsuite hostname="DESKTOP-PHF8H38" failures="0" tests="2" name="com.empire.qa.testcases.HomePageTest" time="18.522" errors="0" timestamp="2023-10-20T09:43:06 IST" skipped="0">
  <testcase classname="com.empire.qa.testcases.HomePageTest" name="VerifyEhomepageTitleTest" time="6.241"/>
  <testcase classname="com.empire.qa.testcases.HomePageTest" name="VerifyHomePageTest" time="12.281"/>
</testsuite> <!-- com.empire.qa.testcases.HomePageTest -->
