<?xml version="1.0" encoding="UTF-8"?>
<!-- Generated by org.testng.reporters.JUnitReportReporter -->
<testsuite hostname="DESKTOP-PHF8H38" failures="0" tests="3" name="com.empire.qa.testcases.AddInventoryPageTest" time="48.168" errors="0" timestamp="2023-10-20T09:43:06 IST" skipped="0">
  <testcase classname="com.empire.qa.testcases.AddInventoryPageTest" name="VerifyAddInventoryTest" time="18.974"/>
  <testcase classname="com.empire.qa.testcases.AddInventoryPageTest" name="VerifyAddInventoryTest" time="16.625"/>
  <testcase classname="com.empire.qa.testcases.AddInventoryPageTest" name="VerifyaddinventoryTitleTest" time="12.569"/>
</testsuite> <!-- com.empire.qa.testcases.AddInventoryPageTest -->
